<?xml version="1.0" encoding="UTF-8"?>
<testng-results ignored="0" total="2" passed="2" failed="0" skipped="0">
  <reporter-output>
  </reporter-output>
  <suite started-at="2021-03-18T22:13:02 IST" name="Default suite" finished-at="2021-03-18T22:13:12 IST" duration-ms="9390">
    <groups>
    </groups>
    <test started-at="2021-03-18T22:13:02 IST" name="Default test" finished-at="2021-03-18T22:13:12 IST" duration-ms="9390">
      <class name="com.executeAutomation.TestCase.VerifyLogin">
        <test-method signature="VerifyLoginp()[pri:1, instance:com.executeAutomation.TestCase.VerifyLogin@1bb266b3]" started-at="2021-03-18T22:13:02 IST" name="VerifyLoginp" finished-at="2021-03-18T22:13:09 IST" duration-ms="6484" status="PASS">
          <reporter-output>
          </reporter-output>
        </test-method> <!-- VerifyLoginp -->
        <test-method signature="VerifyHomep()[pri:2, instance:com.executeAutomation.TestCase.VerifyLogin@1bb266b3]" started-at="2021-03-18T22:13:09 IST" name="VerifyHomep" finished-at="2021-03-18T22:13:12 IST" duration-ms="2863" status="PASS">
          <reporter-output>
          </reporter-output>
        </test-method> <!-- VerifyHomep -->
      </class> <!-- com.executeAutomation.TestCase.VerifyLogin -->
    </test> <!-- Default test -->
  </suite> <!-- Default suite -->
</testng-results>
